Determining if the pthread_create exist failed with the following output:
Change Dir: /root/catkin_ws/odroid-build/catkin_tools_prebuild/CMakeFiles/CMakeTmp

Run Build Command:/usr/bin/make "cmTryCompileExec3671998846/fast"
/usr/bin/make -f CMakeFiles/cmTryCompileExec3671998846.dir/build.make CMakeFiles/cmTryCompileExec3671998846.dir/build
make[1]: Entering directory `/root/catkin_ws/odroid-build/catkin_tools_prebuild/CMakeFiles/CMakeTmp'
/usr/bin/cmake -E cmake_progress_report /root/catkin_ws/odroid-build/catkin_tools_prebuild/CMakeFiles/CMakeTmp/CMakeFiles 1
Building C object CMakeFiles/cmTryCompileExec3671998846.dir/CheckSymbolExists.c.o
/usr/bin/cc    -o CMakeFiles/cmTryCompileExec3671998846.dir/CheckSymbolExists.c.o   -c /root/catkin_ws/odroid-build/catkin_tools_prebuild/CMakeFiles/CMakeTmp/CheckSymbolExists.c
Linking C executable cmTryCompileExec3671998846
/usr/bin/cmake -E cmake_link_script CMakeFiles/cmTryCompileExec3671998846.dir/link.txt --verbose=1
/usr/bin/cc       CMakeFiles/cmTryCompileExec3671998846.dir/CheckSymbolExists.c.o  -o cmTryCompileExec3671998846 -rdynamic 
CMakeFiles/cmTryCompileExec3671998846.dir/CheckSymbolExists.c.o: In function `main':
CheckSymbolExists.c:(.text+0xe): undefined reference to `pthread_create'
CheckSymbolExists.c:(.text+0x12): undefined reference to `pthread_create'
collect2: error: ld returned 1 exit status
make[1]: *** [cmTryCompileExec3671998846] Error 1
make[1]: Leaving directory `/root/catkin_ws/odroid-build/catkin_tools_prebuild/CMakeFiles/CMakeTmp'
make: *** [cmTryCompileExec3671998846/fast] Error 2

File /root/catkin_ws/odroid-build/catkin_tools_prebuild/CMakeFiles/CMakeTmp/CheckSymbolExists.c:
/* */
#include <pthread.h>

int main(int argc, char** argv)
{
  (void)argv;
#ifndef pthread_create
  return ((int*)(&pthread_create))[argc];
#else
  (void)argc;
  return 0;
#endif
}

Determining if the function pthread_create exists in the pthreads failed with the following output:
Change Dir: /root/catkin_ws/odroid-build/catkin_tools_prebuild/CMakeFiles/CMakeTmp

Run Build Command:/usr/bin/make "cmTryCompileExec974813929/fast"
/usr/bin/make -f CMakeFiles/cmTryCompileExec974813929.dir/build.make CMakeFiles/cmTryCompileExec974813929.dir/build
make[1]: Entering directory `/root/catkin_ws/odroid-build/catkin_tools_prebuild/CMakeFiles/CMakeTmp'
/usr/bin/cmake -E cmake_progress_report /root/catkin_ws/odroid-build/catkin_tools_prebuild/CMakeFiles/CMakeTmp/CMakeFiles 1
Building C object CMakeFiles/cmTryCompileExec974813929.dir/CheckFunctionExists.c.o
/usr/bin/cc   -DCHECK_FUNCTION_EXISTS=pthread_create   -o CMakeFiles/cmTryCompileExec974813929.dir/CheckFunctionExists.c.o   -c /usr/share/cmake-2.8/Modules/CheckFunctionExists.c
Linking C executable cmTryCompileExec974813929
/usr/bin/cmake -E cmake_link_script CMakeFiles/cmTryCompileExec974813929.dir/link.txt --verbose=1
/usr/bin/cc   -DCHECK_FUNCTION_EXISTS=pthread_create    CMakeFiles/cmTryCompileExec974813929.dir/CheckFunctionExists.c.o  -o cmTryCompileExec974813929 -rdynamic -lpthreads 
/usr/bin/ld: cannot find -lpthreads
collect2: error: ld returned 1 exit status
make[1]: *** [cmTryCompileExec974813929] Error 1
make[1]: Leaving directory `/root/catkin_ws/odroid-build/catkin_tools_prebuild/CMakeFiles/CMakeTmp'
make: *** [cmTryCompileExec974813929/fast] Error 2


