[  0%] [ 11%] Built target std_msgs_generate_messages_lisp
[ 11%] [ 11%] Built target std_msgs_generate_messages_py
Built target std_msgs_generate_messages_cpp
[34m[1mGenerating dynamic reconfigure files from cfg/camera_params.cfg: /root/catkin_ws/odroid-devel/.private/realsense_camera/include/realsense_camera/camera_paramsConfig.h /root/catkin_ws/odroid-devel/.private/realsense_camera/lib/python2.7/dist-packages/realsense_camera/cfg/camera_paramsConfig.py
[0m[ 22%] Built target gtest
[ 22%] Built target _realsense_camera_generate_messages_check_deps_cameraConfiguration
[ 44%] [ 44%] [ 55%] Generating reconfiguration files for camera_params in realsense_camera
[34m[1mGenerating Python code from SRV realsense_camera/cameraConfiguration
[34m[1mGenerating C++ code from realsense_camera/cameraConfiguration.srv
[0m[0m[34m[1mGenerating Lisp code from realsense_camera/cameraConfiguration.srv
[0mWrote header file in /root/catkin_ws/odroid-devel/.private/realsense_camera/include/realsense_camera/camera_paramsConfig.h
[ 55%] Built target realsense_camera_gencfg
[ 66%] [ 66%] Built target realsense_camera_generate_messages_lisp
[34m[1mGenerating Python srv __init__.py for realsense_camera
[0m[ 66%] Built target realsense_camera_generate_messages_py
[ 66%] Built target realsense_camera_generate_messages_cpp
[35m[1mScanning dependencies of target realsense_camera_nodelet
[ 66%] Built target realsense_camera_generate_messages
[35m[1mScanning dependencies of target realsense_camera_test_rgbd
[35m[1mScanning dependencies of target realsense_camera_test
[0m[ 77%] [32mBuilding CXX object CMakeFiles/realsense_camera_nodelet.dir/src/realsense_camera_nodelet.cpp.o
[0m[0m[0m[ 88%] [100%] [32mBuilding CXX object CMakeFiles/realsense_camera_test_rgbd.dir/test/realsense_camera_test_rgbd_node.cpp.o
[0m[32mBuilding CXX object CMakeFiles/realsense_camera_test.dir/test/realsense_camera_test_node.cpp.o
c++: internal compiler error: Killed (program cc1plus)
Please submit a full bug report,
with preprocessed source if appropriate.
See <file:///usr/share/doc/gcc-4.8/README.Bugs> for instructions.
make[2]: *** [CMakeFiles/realsense_camera_test.dir/test/realsense_camera_test_node.cpp.o] Error 4
make[1]: *** [CMakeFiles/realsense_camera_test.dir/all] Error 2
make[1]: *** Waiting for unfinished jobs....
[0m[31m[1mLinking CXX executable /root/catkin_ws/odroid-devel/.private/realsense_camera/lib/realsense_camera/realsense_camera_test_rgbd
[0m[100%] Built target realsense_camera_test_rgbd
[31m[1mLinking CXX shared library /root/catkin_ws/odroid-devel/.private/realsense_camera/lib/librealsense_camera_nodelet.so
[0m[100%] Built target realsense_camera_nodelet
make: *** [all] Error 2
