Not searching for unused variables given on the command line.
[36m--[0m Using CATKIN_DEVEL_PREFIX: /root/catkin_ws/odroid-devel/.private/realsense_camera
[36m--[0m Using CMAKE_PREFIX_PATH: /root/catkin_ws/odroid-devel;/opt/ros/indigo
[36m--[0m This workspace overlays: /root/catkin_ws/odroid-devel;/opt/ros/indigo
[36m--[0m Using PYTHON_EXECUTABLE: /usr/bin/python
[36m--[0m Using Debian Python package layout
[36m--[0m Using empy: /usr/bin/empy
[36m--[0m Using CATKIN_ENABLE_TESTING: ON
[36m--[0m Call enable_testing()
[36m--[0m Using CATKIN_TEST_RESULTS_DIR: /root/catkin_ws/odroid-build/realsense_camera/test_results
[36m--[0m Found gtest sources under '/usr/src/gtest': gtests will be built
[36m--[0m Using Python nosetests: /usr/bin/nosetests-2.7
[36m--[0m catkin 0.6.18
[31m[1mCMake Error[0m at /root/catkin_ws/odroid-devel/share/cv_bridge/cmake/cv_bridgeConfig.cmake:106 (message):
  Project 'cv_bridge' specifies '/root/catkin_ws/src/cv_bridge/include' as an
  include dir, which is not found.  It does neither exist as an absolute
  directory nor in
  '/root/catkin_ws/src/cv_bridge//root/catkin_ws/src/cv_bridge/include'.  Ask
  the maintainer 'Vincent Rabaud <vincent.rabaud@@gmail.com>' to fix it.
[36mCall Stack (most recent call first):[0m
  /opt/ros/indigo/share/catkin/cmake/catkinConfig.cmake:76 (find_package)
  CMakeLists.txt:16 (find_package)


[36m--[0m Configuring incomplete, errors occurred!
See also "/root/catkin_ws/odroid-build/realsense_camera/CMakeFiles/CMakeOutput.log".
See also "/root/catkin_ws/odroid-build/realsense_camera/CMakeFiles/CMakeError.log".
