make[2]: make[2]: Warning: File `CMakeFiles/_realsense_camera_generate_messages_check_deps_cameraConfiguration.dir/build.make' has modification time 1.1e+08 s in the futuremake[2]: Warning: File `CMakeFiles/realsense_camera_gencfg.dir/build.make' has modification time 1.1e+08 s in the future

Warning: File `CMakeFiles/std_msgs_generate_messages_lisp.dir/build.make' has modification time 1.1e+08 s in the future
make[2]: Warning: File `CMakeFiles/std_msgs_generate_messages_cpp.dir/build.make' has modification time 1.1e+08 s in the future
make[2]: make[2]: Warning: File `CMakeFiles/std_msgs_generate_messages_py.dir/build.make' has modification time 1.1e+08 s in the futureWarning: File `gtest/CMakeFiles/gtest.dir/flags.make' has modification time 1.1e+08 s in the future

make[2]: warning:  Clock skew detected.  Your build may be incomplete.make[2]: warning:  Clock skew detected.  Your build may be incomplete.

make[2]: Warning: File `CMakeFiles/realsense_camera_gencfg.dir/build.make' has modification time 1.1e+08 s in the future
make[2]: warning:  Clock skew detected.  Your build may be incomplete.
make[2]: warning:  Clock skew detected.  Your build may be incomplete.
make[2]: Warning: File `CMakeFiles/std_msgs_generate_messages_lisp.dir/build.make' has modification time 1.1e+08 s in the future
make[2]: warning:  Clock skew detected.  Your build may be incomplete.
make[2]: Warning: File `gtest/CMakeFiles/gtest.dir/flags.make' has modification time 1.1e+08 s in the future
make[2]: warning:  Clock skew detected.  Your build may be incomplete.
make[2]: warning:  Clock skew detected.  Your build may be incomplete.
make[2]: warning:  Clock skew detected.  Your build may be incomplete.
make[2]: Warning: File `CMakeFiles/_realsense_camera_generate_messages_check_deps_cameraConfiguration.dir/build.make' has modification time 1.1e+08 s in the future
make[2]: Warning: File `CMakeFiles/std_msgs_generate_messages_cpp.dir/build.make' has modification time 1.1e+08 s in the future
make[2]: warning:  Clock skew detected.  Your build may be incomplete.
make[2]: warning:  Clock skew detected.  Your build may be incomplete.
make[2]: Warning: File `CMakeFiles/std_msgs_generate_messages_py.dir/build.make' has modification time 1.1e+08 s in the future
make[2]: warning:  Clock skew detected.  Your build may be incomplete.
make[2]: warning:  Clock skew detected.  Your build may be incomplete.
make[2]: Warning: File `CMakeFiles/realsense_camera_generate_messages_lisp.dir/build.make' has modification time 1.1e+08 s in the future
make[2]: make[2]: Warning: File `CMakeFiles/realsense_camera_generate_messages_cpp.dir/build.make' has modification time 1.1e+08 s in the futureWarning: File `CMakeFiles/realsense_camera_generate_messages_py.dir/build.make' has modification time 1.1e+08 s in the future

make[2]: warning:  Clock skew detected.  Your build may be incomplete.
make[2]: warning:  Clock skew detected.  Your build may be incomplete.
make[2]: warning:  Clock skew detected.  Your build may be incomplete.
make[2]: Warning: File `CMakeFiles/realsense_camera_generate_messages_lisp.dir/build.make' has modification time 1.1e+08 s in the future
make[2]: Warning: File `CMakeFiles/realsense_camera_generate_messages_cpp.dir/build.make' has modification time 1.1e+08 s in the future
make[2]: warning:  Clock skew detected.  Your build may be incomplete.
make[2]: warning:  Clock skew detected.  Your build may be incomplete.
make[2]: Warning: File `CMakeFiles/realsense_camera_generate_messages_py.dir/build.make' has modification time 1.1e+08 s in the future
make[2]: warning:  Clock skew detected.  Your build may be incomplete.
make[2]: Warning: File `CMakeFiles/realsense_camera_nodelet.dir/flags.make' has modification time 1.1e+08 s in the future
make[2]: Warning: File `CMakeFiles/realsense_camera_test_rgbd.dir/flags.make' has modification time 1.1e+08 s in the future
make[2]: Warning: File `CMakeFiles/realsense_camera_test.dir/flags.make' has modification time 1.1e+08 s in the future
make[2]: warning:  Clock skew detected.  Your build may be incomplete.
make[2]: Warning: File `CMakeFiles/realsense_camera_nodelet.dir/flags.make' has modification time 1.1e+08 s in the future
make[2]: warning:  Clock skew detected.  Your build may be incomplete.
make[2]: warning:  Clock skew detected.  Your build may be incomplete.
make[2]: Warning: File `CMakeFiles/realsense_camera_test_rgbd.dir/flags.make' has modification time 1.1e+08 s in the future
make[2]: Warning: File `CMakeFiles/realsense_camera_test.dir/flags.make' has modification time 1.1e+08 s in the future
make[2]: warning:  Clock skew detected.  Your build may be incomplete.
make[2]: warning:  Clock skew detected.  Your build may be incomplete.
make[2]: warning:  Clock skew detected.  Your build may be incomplete.
make[2]: Warning: File `CMakeFiles/realsense_camera_generate_messages.dir/build.make' has modification time 1.1e+08 s in the future
make[2]: warning:  Clock skew detected.  Your build may be incomplete.
make[2]: Warning: File `CMakeFiles/realsense_camera_generate_messages.dir/build.make' has modification time 1.1e+08 s in the future
make[2]: warning:  Clock skew detected.  Your build may be incomplete.
