make: Warning: File `Makefile' has modification time 1.1e+08 s in the future
make[1]: Warning: File `CMakeFiles/Makefile2' has modification time 1.1e+08 s in the future
make[2]: Warning: File `CMakeFiles/std_msgs_generate_messages_py.dir/progress.make' has modification time 1.1e+08 s in the future
make[2]: Warning: File `CMakeFiles/_realsense_camera_generate_messages_check_deps_cameraConfiguration.dir/progress.make' has modification time 1.1e+08 s in the future
make[2]: Warning: File `CMakeFiles/realsense_camera_gencfg.dir/progress.make' has modification time 1.1e+08 s in the future
make[2]: make[2]: Warning: File `CMakeFiles/std_msgs_generate_messages_cpp.dir/progress.make' has modification time 1.1e+08 s in the futureWarning: File `CMakeFiles/std_msgs_generate_messages_lisp.dir/progress.make' has modification time 1.1e+08 s in the future

make[2]: Warning: File `gtest/CMakeFiles/gtest.dir/flags.make' has modification time 1.1e+08 s in the future
make[2]: warning:  Clock skew detected.  Your build may be incomplete.
make[2]: warning:  Clock skew detected.  Your build may be incomplete.
make[2]: Warning: File `CMakeFiles/realsense_camera_gencfg.dir/progress.make' has modification time 1.1e+08 s in the future
make[2]: Warning: File `CMakeFiles/std_msgs_generate_messages_py.dir/progress.make' has modification time 1.1e+08 s in the future
make[2]: warning:  Clock skew detected.  Your build may be incomplete.
make[2]: warning:  Clock skew detected.  Your build may be incomplete.
make[2]: warning:  Clock skew detected.  Your build may be incomplete.
make[2]: warning:  Clock skew detected.  Your build may be incomplete.
make[2]: warning:  Clock skew detected.  Your build may be incomplete.
make[2]: warning:  Clock skew detected.  Your build may be incomplete.
make[2]: Warning: File `CMakeFiles/std_msgs_generate_messages_cpp.dir/progress.make' has modification time 1.1e+08 s in the future
make[2]: warning:  Clock skew detected.  Your build may be incomplete.
make[2]: Warning: File `CMakeFiles/_realsense_camera_generate_messages_check_deps_cameraConfiguration.dir/progress.make' has modification time 1.1e+08 s in the future
make[2]: Warning: File `CMakeFiles/std_msgs_generate_messages_lisp.dir/progress.make' has modification time 1.1e+08 s in the future
make[2]: warning:  Clock skew detected.  Your build may be incomplete.
make[2]: Warning: File `gtest/CMakeFiles/gtest.dir/flags.make' has modification time 1.1e+08 s in the future
make[2]: warning:  Clock skew detected.  Your build may be incomplete.
make[2]: warning:  Clock skew detected.  Your build may be incomplete.
make[2]: make[2]: make[2]: Warning: File `CMakeFiles/realsense_camera_generate_messages_lisp.dir/progress.make' has modification time 1.1e+08 s in the futureWarning: File `CMakeFiles/realsense_camera_generate_messages_cpp.dir/progress.make' has modification time 1.1e+08 s in the futureWarning: File `CMakeFiles/realsense_camera_generate_messages_py.dir/progress.make' has modification time 1.1e+08 s in the future


make[2]: warning:  Clock skew detected.  Your build may be incomplete.
make[2]: warning:  Clock skew detected.  Your build may be incomplete.
make[2]: warning:  Clock skew detected.  Your build may be incomplete.
make[2]: make[2]: Warning: File `CMakeFiles/realsense_camera_generate_messages_lisp.dir/progress.make' has modification time 1.1e+08 s in the futureWarning: File `CMakeFiles/realsense_camera_generate_messages_py.dir/progress.make' has modification time 1.1e+08 s in the future

make[2]: Warning: File `CMakeFiles/realsense_camera_generate_messages_cpp.dir/progress.make' has modification time 1.1e+08 s in the future
make[2]: warning:  Clock skew detected.  Your build may be incomplete.
make[2]: warning:  Clock skew detected.  Your build may be incomplete.
make[2]: warning:  Clock skew detected.  Your build may be incomplete.
make[2]: Warning: File `CMakeFiles/realsense_camera_nodelet.dir/flags.make' has modification time 1.1e+08 s in the future
make[2]: Warning: File `CMakeFiles/realsense_camera_test_rgbd.dir/flags.make' has modification time 1.1e+08 s in the future
make[2]: Warning: File `CMakeFiles/realsense_camera_test.dir/flags.make' has modification time 1.1e+08 s in the future
make[2]: warning:  Clock skew detected.  Your build may be incomplete.
make[2]: Warning: File `CMakeFiles/realsense_camera_nodelet.dir/flags.make' has modification time 1.1e+08 s in the future
make[2]: warning:  Clock skew detected.  Your build may be incomplete.
make[2]: warning:  Clock skew detected.  Your build may be incomplete.
make[2]: warning:  Clock skew detected.  Your build may be incomplete.
make[2]: Warning: File `CMakeFiles/realsense_camera_test_rgbd.dir/flags.make' has modification time 1.1e+08 s in the future
make[2]: Warning: File `CMakeFiles/realsense_camera_test.dir/flags.make' has modification time 1.1e+08 s in the future
make[2]: Warning: File `CMakeFiles/realsense_camera_generate_messages.dir/progress.make' has modification time 1.1e+08 s in the future
make[2]: warning:  Clock skew detected.  Your build may be incomplete.
make[2]: warning:  Clock skew detected.  Your build may be incomplete.
make[2]: warning:  Clock skew detected.  Your build may be incomplete.
make[2]: Warning: File `CMakeFiles/realsense_camera_generate_messages.dir/progress.make' has modification time 1.1e+08 s in the future
make[2]: warning:  Clock skew detected.  Your build may be incomplete.
make[1]: warning:  Clock skew detected.  Your build may be incomplete.
make: warning:  Clock skew detected.  Your build may be incomplete.
