make[2]: Warning: File `/opt/ros/indigo/share/dynamic_reconfigure/cmake/../templates/ConfigType.h.template' has modification time 1e+08 s in the future
make[2]: Warning: File `/root/catkin_ws/src/camera/srv/cameraConfiguration.srv' has modification time 1.1e+08 s in the future
make[2]: Warning: File `/opt/ros/indigo/share/gencpp/cmake/../srv.h.template' has modification time 1e+08 s in the future
make[2]: Warning: File `/root/catkin_ws/src/camera/srv/cameraConfiguration.srv' has modification time 1.1e+08 s in the future
make[2]: warning:  Clock skew detected.  Your build may be incomplete.
make[2]: warning:  Clock skew detected.  Your build may be incomplete.
make[2]: warning:  Clock skew detected.  Your build may be incomplete.
make[2]: warning:  Clock skew detected.  Your build may be incomplete.
make[2]: Warning: File `/root/catkin_ws/src/camera/src/realsense_camera_nodelet.cpp' has modification time 1.1e+08 s in the future
make[2]: Warning: File `/root/catkin_ws/src/camera/test/realsense_camera_test_rgbd_node.cpp' has modification time 1.1e+08 s in the future
make[2]: Warning: File `/root/catkin_ws/src/camera/test/realsense_camera_test_node.cpp' has modification time 1.1e+08 s in the future
c++: internal compiler error: Killed (program cc1plus)
Please submit a full bug report,
with preprocessed source if appropriate.
See <file:///usr/share/doc/gcc-4.8/README.Bugs> for instructions.
make[2]: *** [CMakeFiles/realsense_camera_test.dir/test/realsense_camera_test_node.cpp.o] Error 4
make[1]: *** [CMakeFiles/realsense_camera_test.dir/all] Error 2
make[1]: *** Waiting for unfinished jobs....
make[2]: warning:  Clock skew detected.  Your build may be incomplete.
make[2]: warning:  Clock skew detected.  Your build may be incomplete.
make: *** [all] Error 2
