[35m[1mScanning dependencies of target kalman_2d
[35m[1mScanning dependencies of target geometry_msgs_generate_messages_lisp
[0m[35m[1mScanning dependencies of target _fake_gps_generate_messages_check_deps_Transform
[0m[35m[1mScanning dependencies of target geometry_msgs_generate_messages_cpp
[35m[1mScanning dependencies of target kalman_3d
[0m[35m[1mScanning dependencies of target std_msgs_generate_messages_cpp
[35m[1mScanning dependencies of target std_msgs_generate_messages_lisp
[0m[0m[35m[1mScanning dependencies of target std_msgs_generate_messages_py
[0m[  0%] Built target geometry_msgs_generate_messages_lisp
[  0%] [  0%] Built target geometry_msgs_generate_messages_cpp
[  0%] Built target std_msgs_generate_messages_cpp
Built target std_msgs_generate_messages_lisp
[  0%] Built target std_msgs_generate_messages_py
[35m[1mScanning dependencies of target geometry_msgs_generate_messages_py
[0m[  0%] Built target _fake_gps_generate_messages_check_deps_Transform
[  0%] Built target geometry_msgs_generate_messages_py
[35m[1mScanning dependencies of target fake_gps_generate_messages_cpp
[0m[35m[1mScanning dependencies of target fake_gps_generate_messages_lisp
[0m[35m[1mScanning dependencies of target fake_gps_generate_messages_py
[0m[ 12%] [ 25%] [ 37%] [0m[34m[1mGenerating Lisp code from fake_gps/Transform.msg
[0m[34m[1mGenerating Python from MSG fake_gps/Transform
[0m[34m[1mGenerating C++ code from fake_gps/Transform.msg
[0m[0m[ 50%] [ 62%] [32mBuilding CXX object CMakeFiles/kalman_3d.dir/src/kalman_3d.cpp.o
[0m[32mBuilding CXX object CMakeFiles/kalman_2d.dir/src/kalman_2d.cpp.o
[0m[ 62%] Built target fake_gps_generate_messages_lisp
[ 75%] [34m[1mGenerating Python msg __init__.py for fake_gps
[0m[ 75%] Built target fake_gps_generate_messages_py
[ 75%] Built target fake_gps_generate_messages_cpp
[35m[1mScanning dependencies of target fake_gps_generate_messages
[0m[ 75%] Built target fake_gps_generate_messages
[31m[1mLinking CXX shared library /root/catkin_ws/odroid-devel/.private/fake_gps/lib/libkalman_2d.so
[0m[31m[1mLinking CXX shared library /root/catkin_ws/odroid-devel/.private/fake_gps/lib/libkalman_3d.so
[0m[ 75%] Built target kalman_2d
[35m[1mScanning dependencies of target fake_gps_2d_node
[ 75%] Built target kalman_3d
[35m[1mScanning dependencies of target fake_gps_3d_node
[0m[ 87%] [0m[32mBuilding CXX object CMakeFiles/fake_gps_2d_node.dir/src/fake_gps_2d_node.cpp.o
[0m[100%] [32mBuilding CXX object CMakeFiles/fake_gps_3d_node.dir/src/fake_gps_3d_node.cpp.o
[0m[31m[1mLinking CXX executable /root/catkin_ws/odroid-devel/.private/fake_gps/lib/fake_gps/fake_gps_2d_node
[0m[100%] Built target fake_gps_2d_node
[31m[1mLinking CXX executable /root/catkin_ws/odroid-devel/.private/fake_gps/lib/fake_gps/fake_gps_3d_node
[0m[100%] Built target fake_gps_3d_node
