Determining if the pthread_create exist failed with the following output:
Change Dir: /root/catkin_ws/odroid-build/manual_control/CMakeFiles/CMakeTmp

Run Build Command:/usr/bin/make "cmTryCompileExec5873261/fast"
/usr/bin/make -f CMakeFiles/cmTryCompileExec5873261.dir/build.make CMakeFiles/cmTryCompileExec5873261.dir/build
make[1]: Entering directory `/root/catkin_ws/odroid-build/manual_control/CMakeFiles/CMakeTmp'
/usr/bin/cmake -E cmake_progress_report /root/catkin_ws/odroid-build/manual_control/CMakeFiles/CMakeTmp/CMakeFiles 1
Building C object CMakeFiles/cmTryCompileExec5873261.dir/CheckSymbolExists.c.o
/usr/bin/cc    -o CMakeFiles/cmTryCompileExec5873261.dir/CheckSymbolExists.c.o   -c /root/catkin_ws/odroid-build/manual_control/CMakeFiles/CMakeTmp/CheckSymbolExists.c
Linking C executable cmTryCompileExec5873261
/usr/bin/cmake -E cmake_link_script CMakeFiles/cmTryCompileExec5873261.dir/link.txt --verbose=1
/usr/bin/cc       CMakeFiles/cmTryCompileExec5873261.dir/CheckSymbolExists.c.o  -o cmTryCompileExec5873261 -rdynamic 
CMakeFiles/cmTryCompileExec5873261.dir/CheckSymbolExists.c.o: In function `main':
CheckSymbolExists.c:(.text+0xe): undefined reference to `pthread_create'
CheckSymbolExists.c:(.text+0x12): undefined reference to `pthread_create'
collect2: error: ld returned 1 exit status
make[1]: *** [cmTryCompileExec5873261] Error 1
make[1]: Leaving directory `/root/catkin_ws/odroid-build/manual_control/CMakeFiles/CMakeTmp'
make: *** [cmTryCompileExec5873261/fast] Error 2

File /root/catkin_ws/odroid-build/manual_control/CMakeFiles/CMakeTmp/CheckSymbolExists.c:
/* */
#include <pthread.h>

int main(int argc, char** argv)
{
  (void)argv;
#ifndef pthread_create
  return ((int*)(&pthread_create))[argc];
#else
  (void)argc;
  return 0;
#endif
}

Determining if the function pthread_create exists in the pthreads failed with the following output:
Change Dir: /root/catkin_ws/odroid-build/manual_control/CMakeFiles/CMakeTmp

Run Build Command:/usr/bin/make "cmTryCompileExec4143320986/fast"
/usr/bin/make -f CMakeFiles/cmTryCompileExec4143320986.dir/build.make CMakeFiles/cmTryCompileExec4143320986.dir/build
make[1]: Entering directory `/root/catkin_ws/odroid-build/manual_control/CMakeFiles/CMakeTmp'
/usr/bin/cmake -E cmake_progress_report /root/catkin_ws/odroid-build/manual_control/CMakeFiles/CMakeTmp/CMakeFiles 1
Building C object CMakeFiles/cmTryCompileExec4143320986.dir/CheckFunctionExists.c.o
/usr/bin/cc   -DCHECK_FUNCTION_EXISTS=pthread_create   -o CMakeFiles/cmTryCompileExec4143320986.dir/CheckFunctionExists.c.o   -c /usr/share/cmake-2.8/Modules/CheckFunctionExists.c
Linking C executable cmTryCompileExec4143320986
/usr/bin/cmake -E cmake_link_script CMakeFiles/cmTryCompileExec4143320986.dir/link.txt --verbose=1
/usr/bin/cc   -DCHECK_FUNCTION_EXISTS=pthread_create    CMakeFiles/cmTryCompileExec4143320986.dir/CheckFunctionExists.c.o  -o cmTryCompileExec4143320986 -rdynamic -lpthreads 
/usr/bin/ld: cannot find -lpthreads
collect2: error: ld returned 1 exit status
make[1]: *** [cmTryCompileExec4143320986] Error 1
make[1]: Leaving directory `/root/catkin_ws/odroid-build/manual_control/CMakeFiles/CMakeTmp'
make: *** [cmTryCompileExec4143320986/fast] Error 2


