Determining if the pthread_create exist failed with the following output:
Change Dir: /root/catkin_ws/odroid-build/rplidar_ros/CMakeFiles/CMakeTmp

Run Build Command:/usr/bin/make "cmTryCompileExec3295475330/fast"
/usr/bin/make -f CMakeFiles/cmTryCompileExec3295475330.dir/build.make CMakeFiles/cmTryCompileExec3295475330.dir/build
make[1]: Entering directory `/root/catkin_ws/odroid-build/rplidar_ros/CMakeFiles/CMakeTmp'
/usr/bin/cmake -E cmake_progress_report /root/catkin_ws/odroid-build/rplidar_ros/CMakeFiles/CMakeTmp/CMakeFiles 1
Building C object CMakeFiles/cmTryCompileExec3295475330.dir/CheckSymbolExists.c.o
/usr/bin/cc    -o CMakeFiles/cmTryCompileExec3295475330.dir/CheckSymbolExists.c.o   -c /root/catkin_ws/odroid-build/rplidar_ros/CMakeFiles/CMakeTmp/CheckSymbolExists.c
Linking C executable cmTryCompileExec3295475330
/usr/bin/cmake -E cmake_link_script CMakeFiles/cmTryCompileExec3295475330.dir/link.txt --verbose=1
/usr/bin/cc       CMakeFiles/cmTryCompileExec3295475330.dir/CheckSymbolExists.c.o  -o cmTryCompileExec3295475330 -rdynamic 
CMakeFiles/cmTryCompileExec3295475330.dir/CheckSymbolExists.c.o: In function `main':
CheckSymbolExists.c:(.text+0xe): undefined reference to `pthread_create'
CheckSymbolExists.c:(.text+0x12): undefined reference to `pthread_create'
collect2: error: ld returned 1 exit status
make[1]: *** [cmTryCompileExec3295475330] Error 1
make[1]: Leaving directory `/root/catkin_ws/odroid-build/rplidar_ros/CMakeFiles/CMakeTmp'
make: *** [cmTryCompileExec3295475330/fast] Error 2

File /root/catkin_ws/odroid-build/rplidar_ros/CMakeFiles/CMakeTmp/CheckSymbolExists.c:
/* */
#include <pthread.h>

int main(int argc, char** argv)
{
  (void)argv;
#ifndef pthread_create
  return ((int*)(&pthread_create))[argc];
#else
  (void)argc;
  return 0;
#endif
}

Determining if the function pthread_create exists in the pthreads failed with the following output:
Change Dir: /root/catkin_ws/odroid-build/rplidar_ros/CMakeFiles/CMakeTmp

Run Build Command:/usr/bin/make "cmTryCompileExec1749908755/fast"
/usr/bin/make -f CMakeFiles/cmTryCompileExec1749908755.dir/build.make CMakeFiles/cmTryCompileExec1749908755.dir/build
make[1]: Entering directory `/root/catkin_ws/odroid-build/rplidar_ros/CMakeFiles/CMakeTmp'
/usr/bin/cmake -E cmake_progress_report /root/catkin_ws/odroid-build/rplidar_ros/CMakeFiles/CMakeTmp/CMakeFiles 1
Building C object CMakeFiles/cmTryCompileExec1749908755.dir/CheckFunctionExists.c.o
/usr/bin/cc   -DCHECK_FUNCTION_EXISTS=pthread_create   -o CMakeFiles/cmTryCompileExec1749908755.dir/CheckFunctionExists.c.o   -c /usr/share/cmake-2.8/Modules/CheckFunctionExists.c
Linking C executable cmTryCompileExec1749908755
/usr/bin/cmake -E cmake_link_script CMakeFiles/cmTryCompileExec1749908755.dir/link.txt --verbose=1
/usr/bin/cc   -DCHECK_FUNCTION_EXISTS=pthread_create    CMakeFiles/cmTryCompileExec1749908755.dir/CheckFunctionExists.c.o  -o cmTryCompileExec1749908755 -rdynamic -lpthreads 
/usr/bin/ld: cannot find -lpthreads
collect2: error: ld returned 1 exit status
make[1]: *** [cmTryCompileExec1749908755] Error 1
make[1]: Leaving directory `/root/catkin_ws/odroid-build/rplidar_ros/CMakeFiles/CMakeTmp'
make: *** [cmTryCompileExec1749908755/fast] Error 2


