[[36mrandom_movement[0m] [1m[34m==>[0m '[1m/home/zargol/emmc/model_car/catkin_ws/build/random_movement/build_env.sh /usr/bin/cmake /home/zargol/emmc/model_car/catkin_ws/src/random_movement -DCATKIN_DEVEL_PREFIX=/home/zargol/emmc/model_car/catkin_ws/devel -DCMAKE_INSTALL_PREFIX=/home/zargol/emmc/model_car/catkin_ws/install[0m' [30m[1min[0m '[1m/home/zargol/emmc/model_car/catkin_ws/build/random_movement[0m'[0m
[36m-- [0mThe C compiler identification is GNU 4.8.4
[0m[36m-- [0mThe CXX compiler identification is GNU 4.8.4
[0m[36m-- [0mCheck for working C compiler:[33m /usr/bin/cc
[0m[0m[36m-- [0mCheck for working C compiler:[33m /usr/bin/cc -- works
[0m[0m[36m-- [0mDetecting C compiler ABI info
[0m[36m-- [0mDetecting C compiler ABI info - done
[0m[36m-- [0mCheck for working CXX compiler:[33m /usr/bin/c++
[0m[0m[36m-- [0mCheck for working CXX compiler:[33m /usr/bin/c++ -- works
[0m[0m[36m-- [0mDetecting CXX compiler ABI info
[0m[36m-- [0mDetecting CXX compiler ABI info - done
[0m[36m-- [0mUsing CATKIN_DEVEL_PREFIX:[33m /home/zargol/emmc/model_car/catkin_ws/devel
[0m[0m[36m-- [0mUsing CMAKE_PREFIX_PATH:[33m /home/zargol/catkin_work_space/devel;/opt/ros/indigo
[0m[0m[36m-- [0mThis workspace overlays:[33m /home/zargol/catkin_work_space/devel;/opt/ros/indigo
[0m[0m[36m-- [0mFound PythonInterp:[33m /usr/bin/python (found version "2.7.6") 
[0m[0m[36m-- [0mUsing PYTHON_EXECUTABLE:[33m /usr/bin/python
[0m[0m[36m-- [0mUsing Debian Python package layout
[0m[36m-- [0mUsing empy:[33m /usr/bin/empy
[0m[0m[36m-- [0mUsing CATKIN_ENABLE_TESTING:[33m ON
[0m[0m[36m-- [0mCall enable_testing()
[0m[36m-- [0mUsing CATKIN_TEST_RESULTS_DIR:[33m /home/zargol/emmc/model_car/catkin_ws/build/random_movement/test_results
[0m[0m[36m-- [0mLooking for include file pthread.h
[0m[36m-- [0mLooking for include file pthread.h - found
[0m[36m-- [0mLooking for pthread_create
[0m[36m-- [0mLooking for pthread_create - not found
[0m[36m-- [0mLooking for pthread_create in pthreads
[0m[36m-- [0mLooking for pthread_create in pthreads - not found
[0m[36m-- [0mLooking for pthread_create in pthread
[0m[36m-- [0mLooking for pthread_create in pthread - found
[0m[36m-- [0mFound Threads:[33m TRUE  
[0m[0m[36m-- [0mFound gtest sources under '/usr/src/gtest':[33m gtests will be built
[0m[0m[36m-- [0mUsing Python nosetests:[33m /usr/bin/nosetests-2.7
[0m[0m[36m-- [0mcatkin 0.6.16
[0m[36m-- [0mConfiguring done
[0m[36m-- [0mGenerating done
[0m[36m-- [0mBuild files have been written to:[33m /home/zargol/emmc/model_car/catkin_ws/build/random_movement
[0m[0m[[36mrandom_movement[0m] [32m<==[0m '[1m/home/zargol/emmc/model_car/catkin_ws/build/random_movement/build_env.sh /usr/bin/cmake /home/zargol/emmc/model_car/catkin_ws/src/random_movement -DCATKIN_DEVEL_PREFIX=/home/zargol/emmc/model_car/catkin_ws/devel -DCMAKE_INSTALL_PREFIX=/home/zargol/emmc/model_car/catkin_ws/install[0m' finished with return code '[1m0[0m'[0m
[[36mrandom_movement[0m] [1m[34m==>[0m '[1m/home/zargol/emmc/model_car/catkin_ws/build/random_movement/build_env.sh /usr/bin/make --jobserver-fds=3,4 -j[0m' [30m[1min[0m '[1m/home/zargol/emmc/model_car/catkin_ws/build/random_movement[0m'[0m
[35m[1mScanning dependencies of target random_movement_node
[0m[100%] [32mBuilding CXX object CMakeFiles/random_movement_node.dir/src/random_movement_node.cpp.o
[0m[31m[1mLinking CXX executable /home/zargol/emmc/model_car/catkin_ws/devel/lib/random_movement/random_movement_node
[0m[100%] Built target random_movement_node
[[36mrandom_movement[0m] [32m<==[0m '[1m/home/zargol/emmc/model_car/catkin_ws/build/random_movement/build_env.sh /usr/bin/make --jobserver-fds=3,4 -j[0m' finished with return code '[1m0[0m'[0m
