Not searching for unused variables given on the command line.
[36m--[0m Using CATKIN_DEVEL_PREFIX: /root/catkin_ws/odroid-devel/.private/web_video_server
[36m--[0m Using CMAKE_PREFIX_PATH: /root/catkin_ws/devel;/root/catkin_ws/odroid-devel;/opt/ros/indigo
[36m--[0m This workspace overlays: /root/catkin_ws/devel;/root/catkin_ws/odroid-devel;/opt/ros/indigo
[36m--[0m Using PYTHON_EXECUTABLE: /usr/bin/python
[36m--[0m Using Debian Python package layout
[36m--[0m Using empy: /usr/bin/empy
[36m--[0m Using CATKIN_ENABLE_TESTING: ON
[36m--[0m Call enable_testing()
[36m--[0m Using CATKIN_TEST_RESULTS_DIR: /root/catkin_ws/odroid-build/web_video_server/test_results
[36m--[0m Found gtest sources under '/usr/src/gtest': gtests will be built
[36m--[0m Using Python nosetests: /usr/bin/nosetests-2.7
[36m--[0m catkin 0.6.18
[36m--[0m Boost version: 1.54.0
[36m--[0m Found the following Boost libraries:
[36m--[0m   thread
[36m--[0m Found PkgConfig: /usr/bin/pkg-config (found version "0.26")
[36m--[0m checking for module 'libavcodec'
[36m--[0m   found libavcodec, version 54.35.0
[36m--[0m checking for module 'libavformat'
[36m--[0m   found libavformat, version 54.20.4
[36m--[0m checking for module 'libavutil'
[36m--[0m   found libavutil, version 52.3.0
[36m--[0m checking for module 'libswscale'
[36m--[0m   found libswscale, version 2.1.1
[36m--[0m Configuring done
[36m--[0m Generating done
[36m--[0m Build files have been written to: /root/catkin_ws/odroid-build/web_video_server
