[33m[1mCMake Warning[0m at /opt/ros/indigo/share/catkin/cmake/catkinConfig.cmake:76 (find_package):
  Could not find a package configuration file provided by
  "async_web_server_cpp" with any of the following names:

    async_web_server_cppConfig.cmake
    async_web_server_cpp-config.cmake

  Add the installation prefix of "async_web_server_cpp" to CMAKE_PREFIX_PATH
  or set "async_web_server_cpp_DIR" to a directory containing one of the
  above files.  If "async_web_server_cpp" provides a separate development
  package or SDK, be sure it has been installed.
[36mCall Stack (most recent call first):[0m
  CMakeLists.txt:7 (find_package)


[31m[1mCMake Error[0m at /opt/ros/indigo/share/catkin/cmake/catkinConfig.cmake:83 (find_package):
  Could not find a package configuration file provided by
  "async_web_server_cpp" with any of the following names:

    async_web_server_cppConfig.cmake
    async_web_server_cpp-config.cmake

  Add the installation prefix of "async_web_server_cpp" to CMAKE_PREFIX_PATH
  or set "async_web_server_cpp_DIR" to a directory containing one of the
  above files.  If "async_web_server_cpp" provides a separate development
  package or SDK, be sure it has been installed.
[36mCall Stack (most recent call first):[0m
  CMakeLists.txt:7 (find_package)


