Determining if the pthread_create exist failed with the following output:
Change Dir: /root/catkin_ws/odroid-build/detect_roof_rectangles/CMakeFiles/CMakeTmp

Run Build Command:/usr/bin/make "cmTryCompileExec86202381/fast"
/usr/bin/make -f CMakeFiles/cmTryCompileExec86202381.dir/build.make CMakeFiles/cmTryCompileExec86202381.dir/build
make[1]: Entering directory `/root/catkin_ws/odroid-build/detect_roof_rectangles/CMakeFiles/CMakeTmp'
/usr/bin/cmake -E cmake_progress_report /root/catkin_ws/odroid-build/detect_roof_rectangles/CMakeFiles/CMakeTmp/CMakeFiles 1
Building C object CMakeFiles/cmTryCompileExec86202381.dir/CheckSymbolExists.c.o
/usr/bin/cc    -o CMakeFiles/cmTryCompileExec86202381.dir/CheckSymbolExists.c.o   -c /root/catkin_ws/odroid-build/detect_roof_rectangles/CMakeFiles/CMakeTmp/CheckSymbolExists.c
Linking C executable cmTryCompileExec86202381
/usr/bin/cmake -E cmake_link_script CMakeFiles/cmTryCompileExec86202381.dir/link.txt --verbose=1
/usr/bin/cc       CMakeFiles/cmTryCompileExec86202381.dir/CheckSymbolExists.c.o  -o cmTryCompileExec86202381 -rdynamic 
CMakeFiles/cmTryCompileExec86202381.dir/CheckSymbolExists.c.o: In function `main':
CheckSymbolExists.c:(.text+0xe): undefined reference to `pthread_create'
CheckSymbolExists.c:(.text+0x12): undefined reference to `pthread_create'
collect2: error: ld returned 1 exit status
make[1]: *** [cmTryCompileExec86202381] Error 1
make[1]: Leaving directory `/root/catkin_ws/odroid-build/detect_roof_rectangles/CMakeFiles/CMakeTmp'
make: *** [cmTryCompileExec86202381/fast] Error 2

File /root/catkin_ws/odroid-build/detect_roof_rectangles/CMakeFiles/CMakeTmp/CheckSymbolExists.c:
/* */
#include <pthread.h>

int main(int argc, char** argv)
{
  (void)argv;
#ifndef pthread_create
  return ((int*)(&pthread_create))[argc];
#else
  (void)argc;
  return 0;
#endif
}

Determining if the function pthread_create exists in the pthreads failed with the following output:
Change Dir: /root/catkin_ws/odroid-build/detect_roof_rectangles/CMakeFiles/CMakeTmp

Run Build Command:/usr/bin/make "cmTryCompileExec704872786/fast"
/usr/bin/make -f CMakeFiles/cmTryCompileExec704872786.dir/build.make CMakeFiles/cmTryCompileExec704872786.dir/build
make[1]: Entering directory `/root/catkin_ws/odroid-build/detect_roof_rectangles/CMakeFiles/CMakeTmp'
/usr/bin/cmake -E cmake_progress_report /root/catkin_ws/odroid-build/detect_roof_rectangles/CMakeFiles/CMakeTmp/CMakeFiles 1
Building C object CMakeFiles/cmTryCompileExec704872786.dir/CheckFunctionExists.c.o
/usr/bin/cc   -DCHECK_FUNCTION_EXISTS=pthread_create   -o CMakeFiles/cmTryCompileExec704872786.dir/CheckFunctionExists.c.o   -c /usr/share/cmake-2.8/Modules/CheckFunctionExists.c
Linking C executable cmTryCompileExec704872786
/usr/bin/cmake -E cmake_link_script CMakeFiles/cmTryCompileExec704872786.dir/link.txt --verbose=1
/usr/bin/cc   -DCHECK_FUNCTION_EXISTS=pthread_create    CMakeFiles/cmTryCompileExec704872786.dir/CheckFunctionExists.c.o  -o cmTryCompileExec704872786 -rdynamic -lpthreads 
/usr/bin/ld: cannot find -lpthreads
collect2: error: ld returned 1 exit status
make[1]: *** [cmTryCompileExec704872786] Error 1
make[1]: Leaving directory `/root/catkin_ws/odroid-build/detect_roof_rectangles/CMakeFiles/CMakeTmp'
make: *** [cmTryCompileExec704872786/fast] Error 2


