Determining if the pthread_create exist failed with the following output:
Change Dir: /root/catkin_ws/odroid-build/heading/CMakeFiles/CMakeTmp

Run Build Command:/usr/bin/make "cmTryCompileExec983314596/fast"
/usr/bin/make -f CMakeFiles/cmTryCompileExec983314596.dir/build.make CMakeFiles/cmTryCompileExec983314596.dir/build
make[1]: Entering directory `/root/catkin_ws/odroid-build/heading/CMakeFiles/CMakeTmp'
/usr/bin/cmake -E cmake_progress_report /root/catkin_ws/odroid-build/heading/CMakeFiles/CMakeTmp/CMakeFiles 1
Building C object CMakeFiles/cmTryCompileExec983314596.dir/CheckSymbolExists.c.o
/usr/bin/cc    -o CMakeFiles/cmTryCompileExec983314596.dir/CheckSymbolExists.c.o   -c /root/catkin_ws/odroid-build/heading/CMakeFiles/CMakeTmp/CheckSymbolExists.c
Linking C executable cmTryCompileExec983314596
/usr/bin/cmake -E cmake_link_script CMakeFiles/cmTryCompileExec983314596.dir/link.txt --verbose=1
/usr/bin/cc       CMakeFiles/cmTryCompileExec983314596.dir/CheckSymbolExists.c.o  -o cmTryCompileExec983314596 -rdynamic 
CMakeFiles/cmTryCompileExec983314596.dir/CheckSymbolExists.c.o: In function `main':
CheckSymbolExists.c:(.text+0xe): undefined reference to `pthread_create'
CheckSymbolExists.c:(.text+0x12): undefined reference to `pthread_create'
collect2: error: ld returned 1 exit status
make[1]: *** [cmTryCompileExec983314596] Error 1
make[1]: Leaving directory `/root/catkin_ws/odroid-build/heading/CMakeFiles/CMakeTmp'
make: *** [cmTryCompileExec983314596/fast] Error 2

File /root/catkin_ws/odroid-build/heading/CMakeFiles/CMakeTmp/CheckSymbolExists.c:
/* */
#include <pthread.h>

int main(int argc, char** argv)
{
  (void)argv;
#ifndef pthread_create
  return ((int*)(&pthread_create))[argc];
#else
  (void)argc;
  return 0;
#endif
}

Determining if the function pthread_create exists in the pthreads failed with the following output:
Change Dir: /root/catkin_ws/odroid-build/heading/CMakeFiles/CMakeTmp

Run Build Command:/usr/bin/make "cmTryCompileExec407298385/fast"
/usr/bin/make -f CMakeFiles/cmTryCompileExec407298385.dir/build.make CMakeFiles/cmTryCompileExec407298385.dir/build
make[1]: Entering directory `/root/catkin_ws/odroid-build/heading/CMakeFiles/CMakeTmp'
/usr/bin/cmake -E cmake_progress_report /root/catkin_ws/odroid-build/heading/CMakeFiles/CMakeTmp/CMakeFiles 1
Building C object CMakeFiles/cmTryCompileExec407298385.dir/CheckFunctionExists.c.o
/usr/bin/cc   -DCHECK_FUNCTION_EXISTS=pthread_create   -o CMakeFiles/cmTryCompileExec407298385.dir/CheckFunctionExists.c.o   -c /usr/share/cmake-2.8/Modules/CheckFunctionExists.c
Linking C executable cmTryCompileExec407298385
/usr/bin/cmake -E cmake_link_script CMakeFiles/cmTryCompileExec407298385.dir/link.txt --verbose=1
/usr/bin/cc   -DCHECK_FUNCTION_EXISTS=pthread_create    CMakeFiles/cmTryCompileExec407298385.dir/CheckFunctionExists.c.o  -o cmTryCompileExec407298385 -rdynamic -lpthreads 
/usr/bin/ld: cannot find -lpthreads
collect2: error: ld returned 1 exit status
make[1]: *** [cmTryCompileExec407298385] Error 1
make[1]: Leaving directory `/root/catkin_ws/odroid-build/heading/CMakeFiles/CMakeTmp'
make: *** [cmTryCompileExec407298385/fast] Error 2


