Determining if the pthread_create exist failed with the following output:
Change Dir: /root/catkin_ws/odroid-build/random_movement/CMakeFiles/CMakeTmp

Run Build Command:/usr/bin/make "cmTryCompileExec1275953992/fast"
/usr/bin/make -f CMakeFiles/cmTryCompileExec1275953992.dir/build.make CMakeFiles/cmTryCompileExec1275953992.dir/build
make[1]: Entering directory `/root/catkin_ws/odroid-build/random_movement/CMakeFiles/CMakeTmp'
/usr/bin/cmake -E cmake_progress_report /root/catkin_ws/odroid-build/random_movement/CMakeFiles/CMakeTmp/CMakeFiles 1
Building C object CMakeFiles/cmTryCompileExec1275953992.dir/CheckSymbolExists.c.o
/usr/bin/cc    -o CMakeFiles/cmTryCompileExec1275953992.dir/CheckSymbolExists.c.o   -c /root/catkin_ws/odroid-build/random_movement/CMakeFiles/CMakeTmp/CheckSymbolExists.c
Linking C executable cmTryCompileExec1275953992
/usr/bin/cmake -E cmake_link_script CMakeFiles/cmTryCompileExec1275953992.dir/link.txt --verbose=1
/usr/bin/cc       CMakeFiles/cmTryCompileExec1275953992.dir/CheckSymbolExists.c.o  -o cmTryCompileExec1275953992 -rdynamic 
CMakeFiles/cmTryCompileExec1275953992.dir/CheckSymbolExists.c.o: In function `main':
CheckSymbolExists.c:(.text+0xe): undefined reference to `pthread_create'
CheckSymbolExists.c:(.text+0x12): undefined reference to `pthread_create'
collect2: error: ld returned 1 exit status
make[1]: *** [cmTryCompileExec1275953992] Error 1
make[1]: Leaving directory `/root/catkin_ws/odroid-build/random_movement/CMakeFiles/CMakeTmp'
make: *** [cmTryCompileExec1275953992/fast] Error 2

File /root/catkin_ws/odroid-build/random_movement/CMakeFiles/CMakeTmp/CheckSymbolExists.c:
/* */
#include <pthread.h>

int main(int argc, char** argv)
{
  (void)argv;
#ifndef pthread_create
  return ((int*)(&pthread_create))[argc];
#else
  (void)argc;
  return 0;
#endif
}

Determining if the function pthread_create exists in the pthreads failed with the following output:
Change Dir: /root/catkin_ws/odroid-build/random_movement/CMakeFiles/CMakeTmp

Run Build Command:/usr/bin/make "cmTryCompileExec1177100243/fast"
/usr/bin/make -f CMakeFiles/cmTryCompileExec1177100243.dir/build.make CMakeFiles/cmTryCompileExec1177100243.dir/build
make[1]: Entering directory `/root/catkin_ws/odroid-build/random_movement/CMakeFiles/CMakeTmp'
/usr/bin/cmake -E cmake_progress_report /root/catkin_ws/odroid-build/random_movement/CMakeFiles/CMakeTmp/CMakeFiles 1
Building C object CMakeFiles/cmTryCompileExec1177100243.dir/CheckFunctionExists.c.o
/usr/bin/cc   -DCHECK_FUNCTION_EXISTS=pthread_create   -o CMakeFiles/cmTryCompileExec1177100243.dir/CheckFunctionExists.c.o   -c /usr/share/cmake-2.8/Modules/CheckFunctionExists.c
Linking C executable cmTryCompileExec1177100243
/usr/bin/cmake -E cmake_link_script CMakeFiles/cmTryCompileExec1177100243.dir/link.txt --verbose=1
/usr/bin/cc   -DCHECK_FUNCTION_EXISTS=pthread_create    CMakeFiles/cmTryCompileExec1177100243.dir/CheckFunctionExists.c.o  -o cmTryCompileExec1177100243 -rdynamic -lpthreads 
/usr/bin/ld: cannot find -lpthreads
collect2: error: ld returned 1 exit status
make[1]: *** [cmTryCompileExec1177100243] Error 1
make[1]: Leaving directory `/root/catkin_ws/odroid-build/random_movement/CMakeFiles/CMakeTmp'
make: *** [cmTryCompileExec1177100243/fast] Error 2


