Determining if the pthread_create exist failed with the following output:
Change Dir: /root/catkin_ws/odroid-build/web_video_server/CMakeFiles/CMakeTmp

Run Build Command:/usr/bin/make "cmTryCompileExec164555308/fast"
/usr/bin/make -f CMakeFiles/cmTryCompileExec164555308.dir/build.make CMakeFiles/cmTryCompileExec164555308.dir/build
make[1]: Entering directory `/root/catkin_ws/odroid-build/web_video_server/CMakeFiles/CMakeTmp'
/usr/bin/cmake -E cmake_progress_report /root/catkin_ws/odroid-build/web_video_server/CMakeFiles/CMakeTmp/CMakeFiles 1
Building C object CMakeFiles/cmTryCompileExec164555308.dir/CheckSymbolExists.c.o
/usr/bin/cc    -o CMakeFiles/cmTryCompileExec164555308.dir/CheckSymbolExists.c.o   -c /root/catkin_ws/odroid-build/web_video_server/CMakeFiles/CMakeTmp/CheckSymbolExists.c
Linking C executable cmTryCompileExec164555308
/usr/bin/cmake -E cmake_link_script CMakeFiles/cmTryCompileExec164555308.dir/link.txt --verbose=1
/usr/bin/cc       CMakeFiles/cmTryCompileExec164555308.dir/CheckSymbolExists.c.o  -o cmTryCompileExec164555308 -rdynamic 
CMakeFiles/cmTryCompileExec164555308.dir/CheckSymbolExists.c.o: In function `main':
CheckSymbolExists.c:(.text+0xe): undefined reference to `pthread_create'
CheckSymbolExists.c:(.text+0x12): undefined reference to `pthread_create'
collect2: error: ld returned 1 exit status
make[1]: *** [cmTryCompileExec164555308] Error 1
make[1]: Leaving directory `/root/catkin_ws/odroid-build/web_video_server/CMakeFiles/CMakeTmp'
make: *** [cmTryCompileExec164555308/fast] Error 2

File /root/catkin_ws/odroid-build/web_video_server/CMakeFiles/CMakeTmp/CheckSymbolExists.c:
/* */
#include <pthread.h>

int main(int argc, char** argv)
{
  (void)argv;
#ifndef pthread_create
  return ((int*)(&pthread_create))[argc];
#else
  (void)argc;
  return 0;
#endif
}

Determining if the function pthread_create exists in the pthreads failed with the following output:
Change Dir: /root/catkin_ws/odroid-build/web_video_server/CMakeFiles/CMakeTmp

Run Build Command:/usr/bin/make "cmTryCompileExec993767983/fast"
/usr/bin/make -f CMakeFiles/cmTryCompileExec993767983.dir/build.make CMakeFiles/cmTryCompileExec993767983.dir/build
make[1]: Entering directory `/root/catkin_ws/odroid-build/web_video_server/CMakeFiles/CMakeTmp'
make[1]: Warning: File `/usr/share/cmake-2.8/Modules/CheckFunctionExists.c' has modification time 3.3e+07 s in the future
/usr/bin/cmake -E cmake_progress_report /root/catkin_ws/odroid-build/web_video_server/CMakeFiles/CMakeTmp/CMakeFiles 1
Building C object CMakeFiles/cmTryCompileExec993767983.dir/CheckFunctionExists.c.o
/usr/bin/cc   -DCHECK_FUNCTION_EXISTS=pthread_create   -o CMakeFiles/cmTryCompileExec993767983.dir/CheckFunctionExists.c.o   -c /usr/share/cmake-2.8/Modules/CheckFunctionExists.c
Linking C executable cmTryCompileExec993767983
/usr/bin/cmake -E cmake_link_script CMakeFiles/cmTryCompileExec993767983.dir/link.txt --verbose=1
/usr/bin/cc   -DCHECK_FUNCTION_EXISTS=pthread_create    CMakeFiles/cmTryCompileExec993767983.dir/CheckFunctionExists.c.o  -o cmTryCompileExec993767983 -rdynamic -lpthreads 
/usr/bin/ld: cannot find -lpthreads
collect2: error: ld returned 1 exit status
make[1]: *** [cmTryCompileExec993767983] Error 1
make[1]: Leaving directory `/root/catkin_ws/odroid-build/web_video_server/CMakeFiles/CMakeTmp'
make: *** [cmTryCompileExec993767983/fast] Error 2


